[debug] [2021-04-18T23:55:21.471Z] ----------------------------------------------------------------------
[debug] [2021-04-18T23:55:21.474Z] Command:       /usr/local/Cellar/node@10/10.24.0/bin/node /usr/local/bin/firebase emulators:start --import ./functions/firestore-test-data
[debug] [2021-04-18T23:55:21.474Z] CLI Version:   9.10.0
[debug] [2021-04-18T23:55:21.474Z] Platform:      darwin
[debug] [2021-04-18T23:55:21.474Z] Node Version:  v10.24.0
[debug] [2021-04-18T23:55:21.475Z] Time:          Sun Apr 18 2021 19:55:21 GMT-0400 (Eastern Daylight Time)
[debug] [2021-04-18T23:55:21.476Z] ----------------------------------------------------------------------
[debug] 
[debug] [2021-04-18T23:55:21.491Z] > command requires scopes: ["email","openid","https://www.googleapis.com/auth/cloudplatformprojects.readonly","https://www.googleapis.com/auth/firebase","https://www.googleapis.com/auth/cloud-platform"]
[debug] [2021-04-18T23:55:21.491Z] > authorizing via signed-in user (neil.bhagwat1999@gmail.com)
[info] i  emulators: Starting emulators: functions, firestore {"metadata":{"emulator":{"name":"hub"},"message":"Starting emulators: functions, firestore"}}
[debug] [2021-04-18T23:55:21.512Z] [hub] writing locator at /var/folders/v_/99485dzs5yg05glf1k33pwx40000gn/T/hub-sd-fa20-sp21-bhagwatn2021.json
[info] i  emulators: Shutting down emulators. {"metadata":{"emulator":{"name":"hub"},"message":"Shutting down emulators."}}
[info] i  hub: Stopping emulator hub {"metadata":{"emulator":{"name":"hub"},"message":"Stopping emulator hub"}}
[debug] [2021-04-18T23:55:21.678Z] Error: ENOENT: no such file or directory, lstat '/Users/neelbhagwat/Documents/CSCI 3907/bhagwat-vaccine-tracker/functions/functions/firestore-test-data'
    at Object.lstatSync (fs.js:845:3)
    at findExportMetadata (/usr/local/lib/node_modules/firebase-tools/lib/emulator/controller.js:160:32)
    at Object.startAll (/usr/local/lib/node_modules/firebase-tools/lib/emulator/controller.js:228:31)
    at process._tickCallback (internal/process/next_tick.js:68:7)
[error] 
[error] Error: An unexpected error has occurred.
